<?xml version="1.0" encoding="UTF-8"?>
<!-- Generated by org.testng.reporters.JUnitXMLReporter -->
<testsuite ignored="0" hostname="E1444311" failures="1" tests="1" name="Create Contact Test" time="29.429" errors="0" timestamp="2026-09-23T00:33:01 EEST">
  <testcase classname="tests.CreateContactTest" name="testCreateContact" time="21.033">
    <failure type="org.openqa.selenium.TimeoutException" message="Expected condition failed: waiting for element to be clickable: By.id: com.google.android.contacts:id/floating_action_button (tried for 15 second(s) with 500 milliseconds interval)
Build info: version: &amp;apos;4.13.0&amp;apos;, revision: &amp;apos;ba948ece5b*&amp;apos;
System info: os.name: &amp;apos;Mac OS X&amp;apos;, os.arch: &amp;apos;aarch64&amp;apos;, os.version: &amp;apos;15.7.9&amp;apos;, java.version: &amp;apos;17.0.12&amp;apos;
Driver info: io.appium.java_client.android.AndroidDriver
Capabilities {appium:appActivity: com.android.contacts.activi..., appium:appPackage: com.google.android.contacts, appium:autoGrantPermissions: true, appium:automationName: UIAutomator2, appium:databaseEnabled: false, appium:desired: {appActivity: com.android.contacts.activi..., appPackage: com.google.android.contacts, autoGrantPermissions: true, automationName: UIAutomator2, deviceName: 2A151FDH300BSV, newCommandTimeout: 300, noReset: true, platformName: ANDROID, platformVersion: 16, udid: 2A151FDH300BSV}, appium:deviceApiLevel: 36, appium:deviceManufacturer: Google, appium:deviceModel: Pixel 7 Pro, appium:deviceName: 2A151FDH300BSV, appium:deviceScreenDensity: 420, appium:deviceScreenSize: 1080x2340, appium:deviceUDID: 2A151FDH300BSV, appium:javascriptEnabled: true, appium:locationContextEnabled: false, appium:networkConnectionEnabled: true, appium:newCommandTimeout: 300, appium:noReset: true, appium:pixelRatio: 2.625, appium:platformVersion: 16, appium:statBarHeight: 106, appium:takesScreenshot: true, appium:udid: 2A151FDH300BSV, appium:viewportRect: {height: 2234, left: 0, top: 106, width: 1080}, appium:warnings: {}, appium:webStorageEnabled: false, platformName: ANDROID}
Session ID: b5f2c74d-2705-4a7a-a96f-afa9bf335ddb">
      <![CDATA[org.openqa.selenium.TimeoutException: Expected condition failed: waiting for element to be clickable: By.id: com.google.android.contacts:id/floating_action_button (tried for 15 second(s) with 500 milliseconds interval)
Build info: version: '4.13.0', revision: 'ba948ece5b*'
System info: os.name: 'Mac OS X', os.arch: 'aarch64', os.version: '15.7.9', java.version: '17.0.12'
Driver info: io.appium.java_client.android.AndroidDriver
Capabilities {appium:appActivity: com.android.contacts.activi..., appium:appPackage: com.google.android.contacts, appium:autoGrantPermissions: true, appium:automationName: UIAutomator2, appium:databaseEnabled: false, appium:desired: {appActivity: com.android.contacts.activi..., appPackage: com.google.android.contacts, autoGrantPermissions: true, automationName: UIAutomator2, deviceName: 2A151FDH300BSV, newCommandTimeout: 300, noReset: true, platformName: ANDROID, platformVersion: 16, udid: 2A151FDH300BSV}, appium:deviceApiLevel: 36, appium:deviceManufacturer: Google, appium:deviceModel: Pixel 7 Pro, appium:deviceName: 2A151FDH300BSV, appium:deviceScreenDensity: 420, appium:deviceScreenSize: 1080x2340, appium:deviceUDID: 2A151FDH300BSV, appium:javascriptEnabled: true, appium:locationContextEnabled: false, appium:networkConnectionEnabled: true, appium:newCommandTimeout: 300, appium:noReset: true, appium:pixelRatio: 2.625, appium:platformVersion: 16, appium:statBarHeight: 106, appium:takesScreenshot: true, appium:udid: 2A151FDH300BSV, appium:viewportRect: {height: 2234, left: 0, top: 106, width: 1080}, appium:warnings: {}, appium:webStorageEnabled: false, platformName: ANDROID}
Session ID: b5f2c74d-2705-4a7a-a96f-afa9bf335ddb
at org.openqa.selenium.support.ui.WebDriverWait.timeoutException(WebDriverWait.java:84)
at org.openqa.selenium.support.ui.FluentWait.until(FluentWait.java:230)
at pages.BasePage.click(BasePage.java:32)
at pages.AddContactPage.clickAddContactButton(AddContactPage.java:33)
at pages.AddContactPage.openCreateContactForm(AddContactPage.java:37)
at tests.CreateContactTest.testCreateContact(CreateContactTest.java:33)
at java.base/java.util.ArrayList.forEach(ArrayList.java:1511)
... Removed 31 stack frames]]>
    </failure>
  </testcase> <!-- testCreateContact -->
</testsuite> <!-- Create Contact Test -->
